{
  "stats": {
    "suites": 3,
    "tests": 11,
    "passes": 11,
    "pending": 0,
    "failures": 0,
    "start": "2018-06-21T21:35:04.450Z",
    "end": "2018-06-21T21:35:34.402Z",
    "duration": 29952,
    "testsRegistered": 11,
    "passPercent": 100,
    "pendingPercent": 0,
    "other": 0,
    "hasOther": false,
    "skipped": 0,
    "hasSkipped": false,
    "passPercentClass": "success",
    "pendingPercentClass": "danger"
  },
  "suites": {
    "uuid": "4ad38161-00ff-4f6b-8bf9-769f6bc7c9bf",
    "title": "",
    "fullFile": "",
    "file": "",
    "beforeHooks": [],
    "afterHooks": [],
    "tests": [],
    "suites": [
      {
        "uuid": "af8fc53c-f600-4f62-8022-df83777f016a",
        "title": "json PlaceHolder Negative Test",
        "fullFile": "",
        "file": "",
        "beforeHooks": [],
        "afterHooks": [],
        "tests": [
          {
            "title": "Update Removing Title",
            "fullTitle": "json PlaceHolder Negative Test Update Removing Title",
            "duration": 3287,
            "state": "passed",
            "speed": "slow",
            "pass": true,
            "fail": false,
            "pending": false,
            "code": "cy.request('PUT', 'https://jsonplaceholder.typicode.com/posts/100').then(function (response) {\n  expect(response.status).to.eq(200);\n  expect(response.body.id).to.eq(100);\n  expect(response.body).to.not.have.property('title');\n});",
            "err": {},
            "isRoot": false,
            "uuid": "eacc6611-6493-4302-9557-4e3e2a641e44",
            "isHook": false,
            "skipped": false
          },
          {
            "title": "Create New Comments without name and email",
            "fullTitle": "json PlaceHolder Negative Test Create New Comments without name and email",
            "duration": 407,
            "state": "passed",
            "speed": "slow",
            "pass": true,
            "fail": false,
            "pending": false,
            "code": "cy.request('POST', 'https://jsonplaceholder.typicode.com/comments').then(function (response) {\n  expect(response.status).to.eq(201);\n  expect(response.body.id).to.eq(501);\n  expect(response.body).to.not.have.property('name');\n  expect(response.body).to.not.have.property('email');\n});",
            "err": {},
            "isRoot": false,
            "uuid": "36aa9047-9ffa-45de-9b6b-ec0118f314c7",
            "isHook": false,
            "skipped": false
          }
        ],
        "suites": [],
        "passes": [
          "eacc6611-6493-4302-9557-4e3e2a641e44",
          "36aa9047-9ffa-45de-9b6b-ec0118f314c7"
        ],
        "failures": [],
        "pending": [],
        "skipped": [],
        "duration": 3694,
        "root": false,
        "rootEmpty": false,
        "_timeout": 2000
      },
      {
        "uuid": "24d14ffc-c95e-405c-9266-0774d675ab89",
        "title": "json PlaceHolder Positive Test",
        "fullFile": "",
        "file": "",
        "beforeHooks": [],
        "afterHooks": [],
        "tests": [
          {
            "title": "Comments",
            "fullTitle": "json PlaceHolder Positive Test Comments",
            "duration": 313,
            "state": "passed",
            "speed": "slow",
            "pass": true,
            "fail": false,
            "pending": false,
            "code": "cy.request('https://jsonplaceholder.typicode.com/comments').then(function (response) {\n  expect(response.status).to.eq(200);\n  expect(response.body).to.have.length(500);\n  expect(response).to.have.property('headers');\n  expect(response).to.have.property('duration');\n});",
            "err": {},
            "isRoot": false,
            "uuid": "b563cf58-10a0-4490-a56c-43b638b4f3ce",
            "isHook": false,
            "skipped": false
          },
          {
            "title": "Posts",
            "fullTitle": "json PlaceHolder Positive Test Posts",
            "duration": 165,
            "state": "passed",
            "speed": "slow",
            "pass": true,
            "fail": false,
            "pending": false,
            "code": "cy.request('https://jsonplaceholder.typicode.com/posts').then(function (response) {\n  expect(response.status).to.eq(200);\n  expect(response.body).to.have.length(100);\n  expect(response).to.have.property('headers');\n  expect(response).to.have.property('duration');\n});",
            "err": {},
            "isRoot": false,
            "uuid": "874efc05-b382-483d-b34e-417aaf40d53b",
            "isHook": false,
            "skipped": false
          },
          {
            "title": "Posts id 10",
            "fullTitle": "json PlaceHolder Positive Test Posts id 10",
            "duration": 111,
            "state": "passed",
            "speed": "slow",
            "pass": true,
            "fail": false,
            "pending": false,
            "code": "cy.request('https://jsonplaceholder.typicode.com/posts/10').then(function (response) {\n  expect(response.status).to.eq(200);\n  expect(response.body.userId).to.eq(1);\n  expect(response.body.title).to.contain(\"optio molestias id quia eum\");\n  expect(response.body).to.have.property('id');\n  expect(response.body.id).to.eq(10);\n  expect(response).to.have.property('headers');\n  expect(response).to.have.property('duration');\n});",
            "err": {},
            "isRoot": false,
            "uuid": "90988e5f-acac-4b1b-98b3-733d824837ab",
            "isHook": false,
            "skipped": false
          },
          {
            "title": "Photos",
            "fullTitle": "json PlaceHolder Positive Test Photos",
            "duration": 1618,
            "state": "passed",
            "speed": "slow",
            "pass": true,
            "fail": false,
            "pending": false,
            "code": "cy.request('https://jsonplaceholder.typicode.com/photos').then(function (response) {\n  expect(response.status).to.eq(200);\n  expect(response.body).to.have.length(5000);\n  expect(response).to.have.property('headers');\n  expect(response).to.have.property('duration');\n});",
            "err": {},
            "isRoot": false,
            "uuid": "344aefea-8c4d-4607-830e-8d653b4ae62e",
            "isHook": false,
            "skipped": false
          },
          {
            "title": "Photos Id 456",
            "fullTitle": "json PlaceHolder Positive Test Photos Id 456",
            "duration": 99,
            "state": "passed",
            "speed": "slow",
            "pass": true,
            "fail": false,
            "pending": false,
            "code": "cy.request('https://jsonplaceholder.typicode.com/photos/456').then(function (response) {\n  expect(response.status).to.eq(200);\n  expect(response.body.albumId).to.eq(10);\n  expect(response.body).to.have.property('id');\n  expect(response.body.id).to.eq(456);\n  expect(response).to.have.property('headers');\n  expect(response).to.have.property('duration');\n  expect(response.body).to.have.property('url');\n  expect(response.body.url).to.contain('http://placehold.it/600/abef8');\n  expect(response.body).to.have.property('thumbnailUrl');\n  expect(response.body.thumbnailUrl).to.contain('http://placehold.it/150/abef8');\n});",
            "err": {},
            "isRoot": false,
            "uuid": "82ebd454-1957-4e1e-a4e4-f7d96da55605",
            "isHook": false,
            "skipped": false
          },
          {
            "title": "Update Title Post id 100",
            "fullTitle": "json PlaceHolder Positive Test Update Title Post id 100",
            "duration": 878,
            "state": "passed",
            "speed": "slow",
            "pass": true,
            "fail": false,
            "pending": false,
            "code": "cy.request('PUT', 'https://jsonplaceholder.typicode.com/posts/100', { title: 'Test Update Id 100' }).then(function (response) {\n  expect(response.status).to.eq(200);\n  expect(response.body.id).to.eq(100);\n  expect(response.body).to.have.property('title');\n  expect(response.body.title).to.contain('Test Update Id 100');\n});",
            "err": {},
            "isRoot": false,
            "uuid": "c97225c0-fd9d-4484-bef7-0d10eee4f09d",
            "isHook": false,
            "skipped": false
          },
          {
            "title": "Create New Post",
            "fullTitle": "json PlaceHolder Positive Test Create New Post",
            "duration": 427,
            "state": "passed",
            "speed": "slow",
            "pass": true,
            "fail": false,
            "pending": false,
            "code": "cy.request('POST', 'https://jsonplaceholder.typicode.com/posts', { title: 'Test NewPost Title' }).then(function (response) {\n  expect(response.status).to.eq(201);\n  expect(response.body.id).to.eq(101);\n  expect(response.body).to.have.property('title');\n  expect(response.body.title).to.contain('Test NewPost Title');\n});",
            "err": {},
            "isRoot": false,
            "uuid": "8c88b945-eb18-42cb-928e-ddb3727ee902",
            "isHook": false,
            "skipped": false
          }
        ],
        "suites": [],
        "passes": [
          "b563cf58-10a0-4490-a56c-43b638b4f3ce",
          "874efc05-b382-483d-b34e-417aaf40d53b",
          "90988e5f-acac-4b1b-98b3-733d824837ab",
          "344aefea-8c4d-4607-830e-8d653b4ae62e",
          "82ebd454-1957-4e1e-a4e4-f7d96da55605",
          "c97225c0-fd9d-4484-bef7-0d10eee4f09d",
          "8c88b945-eb18-42cb-928e-ddb3727ee902"
        ],
        "failures": [],
        "pending": [],
        "skipped": [],
        "duration": 3611,
        "root": false,
        "rootEmpty": false,
        "_timeout": 2000
      },
      {
        "uuid": "2e3141e7-c58e-42b4-886e-02814ea668c2",
        "title": "Login and Create Account Spotify",
        "fullFile": "",
        "file": "",
        "beforeHooks": [],
        "afterHooks": [],
        "tests": [
          {
            "title": "login captcha exist",
            "fullTitle": "Login and Create Account Spotify login captcha exist",
            "duration": 4263,
            "state": "passed",
            "speed": "slow",
            "pass": true,
            "fail": false,
            "pending": false,
            "code": "_home2.default.login('blablabla', '121212121');\n_home2.default.validateCaptcha();",
            "err": {},
            "isRoot": false,
            "uuid": "5da55e5c-e923-4c19-9b86-e161ac4c0182",
            "isHook": false,
            "skipped": false
          },
          {
            "title": "create account without captcha validation",
            "fullTitle": "Login and Create Account Spotify create account without captcha validation",
            "duration": 11967,
            "state": "passed",
            "speed": "slow",
            "pass": true,
            "fail": false,
            "pending": false,
            "code": "var userData = new _user2.default.User();\n_home2.default.open();\n_home2.default.join();\n_join2.default.createUser(userData);\n_join2.default.validateError('Confirme que você não é um robô.');",
            "err": {},
            "isRoot": false,
            "uuid": "fe29122e-4a26-457e-bce8-9b561c625853",
            "isHook": false,
            "skipped": false
          }
        ],
        "suites": [],
        "passes": [
          "5da55e5c-e923-4c19-9b86-e161ac4c0182",
          "fe29122e-4a26-457e-bce8-9b561c625853"
        ],
        "failures": [],
        "pending": [],
        "skipped": [],
        "duration": 16230,
        "root": false,
        "rootEmpty": false,
        "_timeout": 2000
      }
    ],
    "passes": [],
    "failures": [],
    "pending": [],
    "skipped": [],
    "duration": 0,
    "root": true,
    "rootEmpty": true,
    "_timeout": 2000
  },
  "copyrightYear": 2018
}